<?xml version="1.0" encoding="UTF-8"?>
<!-- Generated by org.testng.reporters.JUnitReportReporter -->
<testsuite hostname="DESKTOP-QA1AMVG" failures="0" tests="1" name="scripts.TC1" time="0.017" errors="0" timestamp="2023-01-24T02:51:26 PST" skipped="0">
  <testcase classname="scripts.TC1" name="demo" time="0.017"/>
  <system-out>
    <![CDATA[hello java]]>
  </system-out>
</testsuite> <!-- scripts.TC1 -->
