<?xml version="1.0" encoding="UTF-8"?>
<!-- Generated by org.testng.reporters.JUnitReportReporter -->
<testsuite hostname="DESKTOP-QA1AMVG" failures="0" tests="1" name="scripts.TC3" time="0.002" errors="0" timestamp="2023-01-24T02:51:26 PST" skipped="0">
  <testcase classname="scripts.TC3" name="demo" time="0.002"/>
  <system-out>
    <![CDATA[hello python]]>
  </system-out>
</testsuite> <!-- scripts.TC3 -->
