<?xml version="1.0" encoding="UTF-8"?>
<!-- Generated by org.testng.reporters.JUnitReportReporter -->
<testsuite hostname="DESKTOP-QA1AMVG" failures="0" tests="1" name="scripts.TC2" time="0.001" errors="0" timestamp="2023-01-24T02:51:26 PST" skipped="0">
  <testcase classname="scripts.TC2" name="demo" time="0.001"/>
  <system-out>
    <![CDATA[hello selenium]]>
  </system-out>
</testsuite> <!-- scripts.TC2 -->
